<?xml version="1.0" encoding="UTF-8"?>
<testng-results ignored="0" total="1" passed="1" failed="0" skipped="0">
  <reporter-output>
  </reporter-output>
  <suite started-at="2024-08-27T22:35:30 EDT" name="Default suite" finished-at="2024-08-27T22:35:34 EDT" duration-ms="4167">
    <groups>
    </groups>
    <test started-at="2024-08-27T22:35:30 EDT" name="Default test" finished-at="2024-08-27T22:35:34 EDT" duration-ms="4167">
      <class name="difficult_Selenium_Framework_quetions.SearchPages">
        <test-method signature="validateSearchPages()[pri:0, instance:difficult_Selenium_Framework_quetions.SearchPages@77888435]" started-at="2024-08-27T22:35:30 EDT" name="validateSearchPages" finished-at="2024-08-27T22:35:34 EDT" duration-ms="4136" status="PASS">
          <reporter-output>
          </reporter-output>
        </test-method> <!-- validateSearchPages -->
      </class> <!-- difficult_Selenium_Framework_quetions.SearchPages -->
    </test> <!-- Default test -->
  </suite> <!-- Default suite -->
</testng-results>
